0 info it worked if it ends with ok
1 verbose cli [ '/home/ubuntu/.nvm/versions/node/v4.2.4/bin/node',
1 verbose cli   '/home/ubuntu/.nvm/versions/node/v4.2.4/bin/npm',
1 verbose cli   'install',
1 verbose cli   'EaselJS',
1 verbose cli   '--save' ]
2 info using npm@2.14.12
3 info using node@v4.2.4
4 verbose install initial load of /home/ubuntu/workspace/package.json
5 verbose installManyTop reading scoped package data from /home/ubuntu/workspace/node_modules/gulp/package.json
6 verbose installManyTop reading scoped package data from /home/ubuntu/workspace/node_modules/gulp-connect/package.json
7 verbose installManyTop reading scoped package data from /home/ubuntu/workspace/node_modules/gulp-debug/package.json
8 verbose installManyTop reading scoped package data from /home/ubuntu/workspace/node_modules/gulp-inject/package.json
9 verbose installManyTop reading scoped package data from /home/ubuntu/workspace/node_modules/gulp-open/package.json
10 verbose installManyTop reading scoped package data from /home/ubuntu/workspace/node_modules/gulp-sourcemaps/package.json
11 verbose installManyTop reading scoped package data from /home/ubuntu/workspace/node_modules/gulp-typescript/package.json
12 verbose installManyTop reading scoped package data from /home/ubuntu/workspace/node_modules/gulp-util/package.json
13 verbose installManyTop reading scoped package data from /home/ubuntu/workspace/node_modules/typescript/package.json
14 verbose installManyTop reading scoped package data from /home/ubuntu/workspace/node_modules/typings/package.json
15 info package.json gulp-inject@3.0.0 No license field.
16 verbose readDependencies loading dependencies from /home/ubuntu/workspace/package.json
17 silly cache add args [ 'EaselJS', null ]
18 verbose cache add spec EaselJS
19 silly cache add parsed spec Result {
19 silly cache add   raw: 'EaselJS',
19 silly cache add   scope: null,
19 silly cache add   name: 'EaselJS',
19 silly cache add   rawSpec: '',
19 silly cache add   spec: 'latest',
19 silly cache add   type: 'tag' }
20 silly addNamed EaselJS@latest
21 verbose addNamed "latest" is being treated as a dist-tag for EaselJS
22 info addNameTag [ 'EaselJS', 'latest' ]
23 silly mapToRegistry name EaselJS
24 silly mapToRegistry using default registry
25 silly mapToRegistry registry https://registry.npmjs.org/
26 silly mapToRegistry uri https://registry.npmjs.org/EaselJS
27 verbose addNameTag registry:https://registry.npmjs.org/EaselJS not in flight; fetching
28 verbose request uri https://registry.npmjs.org/EaselJS
29 verbose request no auth needed
30 info attempt registry request try #1 at 12:59:51 AM
31 verbose request id d187ce4126dcf7ed
32 http request GET https://registry.npmjs.org/EaselJS
33 http 404 https://registry.npmjs.org/EaselJS
34 verbose headers { 'content-type': 'application/json',
34 verbose headers   'cache-control': 'max-age=0',
34 verbose headers   'content-length': '2',
34 verbose headers   'accept-ranges': 'bytes',
34 verbose headers   date: 'Thu, 17 Mar 2016 00:59:51 GMT',
34 verbose headers   via: '1.1 varnish',
34 verbose headers   age: '0',
34 verbose headers   connection: 'keep-alive',
34 verbose headers   'x-served-by': 'cache-dfw1830-DFW',
34 verbose headers   'x-cache': 'MISS',
34 verbose headers   'x-cache-hits': '0',
34 verbose headers   'x-timer': 'S1458176391.217985,VS0,VE221' }
35 silly get cb [ 404,
35 silly get   { 'content-type': 'application/json',
35 silly get     'cache-control': 'max-age=0',
35 silly get     'content-length': '2',
35 silly get     'accept-ranges': 'bytes',
35 silly get     date: 'Thu, 17 Mar 2016 00:59:51 GMT',
35 silly get     via: '1.1 varnish',
35 silly get     age: '0',
35 silly get     connection: 'keep-alive',
35 silly get     'x-served-by': 'cache-dfw1830-DFW',
35 silly get     'x-cache': 'MISS',
35 silly get     'x-cache-hits': '0',
35 silly get     'x-timer': 'S1458176391.217985,VS0,VE221' } ]
36 verbose stack Error: Registry returned 404 for GET on https://registry.npmjs.org/EaselJS
36 verbose stack     at makeError (/home/ubuntu/.nvm/versions/node/v4.2.4/lib/node_modules/npm/node_modules/npm-registry-client/lib/request.js:264:12)
36 verbose stack     at CachingRegistryClient.<anonymous> (/home/ubuntu/.nvm/versions/node/v4.2.4/lib/node_modules/npm/node_modules/npm-registry-client/lib/request.js:242:14)
36 verbose stack     at Request._callback (/home/ubuntu/.nvm/versions/node/v4.2.4/lib/node_modules/npm/node_modules/npm-registry-client/lib/request.js:172:14)
36 verbose stack     at Request.self.callback (/home/ubuntu/.nvm/versions/node/v4.2.4/lib/node_modules/npm/node_modules/request/request.js:198:22)
36 verbose stack     at emitTwo (events.js:87:13)
36 verbose stack     at Request.emit (events.js:172:7)
36 verbose stack     at Request.<anonymous> (/home/ubuntu/.nvm/versions/node/v4.2.4/lib/node_modules/npm/node_modules/request/request.js:1082:10)
36 verbose stack     at emitOne (events.js:82:20)
36 verbose stack     at Request.emit (events.js:169:7)
36 verbose stack     at IncomingMessage.<anonymous> (/home/ubuntu/.nvm/versions/node/v4.2.4/lib/node_modules/npm/node_modules/request/request.js:1009:12)
37 verbose statusCode 404
38 verbose pkgid EaselJS
39 verbose cwd /home/ubuntu/workspace
40 error Linux 4.2.0-c9
41 error argv "/home/ubuntu/.nvm/versions/node/v4.2.4/bin/node" "/home/ubuntu/.nvm/versions/node/v4.2.4/bin/npm" "install" "EaselJS" "--save"
42 error node v4.2.4
43 error npm  v2.14.12
44 error code E404
45 error 404 Registry returned 404 for GET on https://registry.npmjs.org/EaselJS
45 error 404
45 error 404 'EaselJS' is not in the npm registry.
45 error 404 Your package name is not valid, because
45 error 404
45 error 404  1. name can no longer contain capital letters
45 error 404 It was specified as a dependency of 'comp392-lesson8'
45 error 404
45 error 404 Note that you can also install from a
45 error 404 tarball, folder, http url, or git url.
46 verbose exit [ 1, true ]
